watch_set frame=1500 id=1
hit=1 frame=1590 cycle=446714008 pc=0809C0F0 lr=080961D7 sp=030011B8 addr=02002E30 old=12 new=53 type=1 width=1
first_hit_screenshot=/Users/altair/github/naruto/notes/dialogue-watch-record-bank-first-hit.png
hit=2 frame=1590 cycle=446714008 pc=0809C0F0 lr=080961D7 sp=030011B8 addr=02002E31 old=33 new=28 type=1 width=1
hit=3 frame=1590 cycle=446714008 pc=0809C0F0 lr=080961D7 sp=030011B8 addr=02002E32 old=41 new=14 type=1 width=1
hit=4 frame=1590 cycle=446714008 pc=0809C0F0 lr=080961D7 sp=030011B8 addr=02002E33 old=40 new=35 type=1 width=1
hit=5 frame=1590 cycle=446714008 pc=0809C0F0 lr=080961D7 sp=030011B8 addr=02002E34 old=41 new=35 type=1 width=1
hit=6 frame=1590 cycle=446714008 pc=0809C0F0 lr=080961D7 sp=030011B8 addr=02002E35 old=21 new=35 type=1 width=1
hit=7 frame=1590 cycle=446714008 pc=0809C0F0 lr=080961D7 sp=030011B8 addr=02002E36 old=2 new=39 type=1 width=1
hit=8 frame=1590 cycle=446714008 pc=0809C0F0 lr=080961D7 sp=030011B8 addr=02002E37 old=36 new=30 type=1 width=1
hit=9 frame=1590 cycle=446714008 pc=0809C0F0 lr=080961D7 sp=030011B8 addr=02002E38 old=41 new=15 type=1 width=1
hit=10 frame=1590 cycle=446714008 pc=0809C0F0 lr=080961D7 sp=030011B8 addr=02002E39 old=41 new=14 type=1 width=1
hit=11 frame=1590 cycle=446714008 pc=0809C0F0 lr=080961D7 sp=030011B8 addr=02002E3A old=40 new=35 type=1 width=1
hit=12 frame=1590 cycle=446714008 pc=0809C0F0 lr=080961D7 sp=030011B8 addr=02002E3B old=40 new=35 type=1 width=1
hit=13 frame=1590 cycle=446714008 pc=0809C0F0 lr=080961D7 sp=030011B8 addr=02002E3C old=41 new=35 type=1 width=1
hit=14 frame=1590 cycle=446714008 pc=0809C0F0 lr=080961D7 sp=030011B8 addr=02002E3D old=24 new=39 type=1 width=1
hit=15 frame=1590 cycle=446714008 pc=0809C0F0 lr=080961D7 sp=030011B8 addr=02002E3E old=13 new=30 type=1 width=1
hit=16 frame=1590 cycle=446714008 pc=0809C0F0 lr=080961D7 sp=030011B8 addr=02002E3F old=58 new=1 type=1 width=1
hit=17 frame=1590 cycle=446714008 pc=0809C0F0 lr=080961D7 sp=030011B8 addr=02002E40 old=32 new=14 type=1 width=1
hit=18 frame=1590 cycle=446714008 pc=0809C0F0 lr=080961D7 sp=030011B8 addr=02002E41 old=26 new=21 type=1 width=1
hit=19 frame=1590 cycle=446714008 pc=0809C0F0 lr=080961D7 sp=030011B8 addr=02002E42 old=39 new=4 type=1 width=1
hit=20 frame=1590 cycle=446714008 pc=0809C0F0 lr=080961D7 sp=030011B8 addr=02002E43 old=32 new=7 type=1 width=1
hit=21 frame=1590 cycle=446714008 pc=0809C0F0 lr=080961D7 sp=030011B8 addr=02002E44 old=2 new=5 type=1 width=1
hit=22 frame=1590 cycle=446714008 pc=0809C0F0 lr=080961D7 sp=030011B8 addr=02002E45 old=0 new=1 type=1 width=1
hit=23 frame=1590 cycle=446714008 pc=0809C0F0 lr=080961D7 sp=030011B8 addr=02002E46 old=17 new=31 type=1 width=1
hit=24 frame=1590 cycle=446714008 pc=0809C0F0 lr=080961D7 sp=030011B8 addr=02002E47 old=17 new=44 type=1 width=1
hit=25 frame=1590 cycle=446714008 pc=0809C0F0 lr=080961D7 sp=030011B8 addr=02002E48 old=16 new=32 type=1 width=1
hit=26 frame=1590 cycle=446714008 pc=0809C0F0 lr=080961D7 sp=030011B8 addr=02002E49 old=4 new=8 type=1 width=1
hit=27 frame=1590 cycle=446714008 pc=0809C0F0 lr=080961D7 sp=030011B8 addr=02002E4A old=39 new=4 type=1 width=1
hit=28 frame=1590 cycle=446714008 pc=0809C0F0 lr=080961D7 sp=030011B8 addr=02002E4B old=20 new=2 type=1 width=1
hit=29 frame=1590 cycle=446714008 pc=0809C0F0 lr=080961D7 sp=030011B8 addr=02002E4C old=17 new=2 type=1 width=1
hit=30 frame=1590 cycle=446714008 pc=0809C0F0 lr=080961D7 sp=030011B8 addr=02002E4D old=0 new=2 type=1 width=1
hit=31 frame=1590 cycle=446714008 pc=0809C0F0 lr=080961D7 sp=030011B8 addr=02002E4E old=0 new=16 type=1 width=1
hit=32 frame=1590 cycle=446714008 pc=0809C0F0 lr=080961D7 sp=030011B8 addr=02002E4F old=17 new=41 type=1 width=1
hit=33 frame=1590 cycle=446714008 pc=0809C0F0 lr=080961D7 sp=030011B8 addr=02002E50 old=4 new=35 type=1 width=1
hit=34 frame=1590 cycle=446714008 pc=0809C0F0 lr=080961D7 sp=030011B8 addr=02002E51 old=17 new=1 type=1 width=1
hit=35 frame=1590 cycle=446714008 pc=0809C0F0 lr=080961D7 sp=030011B8 addr=02002E52 old=26 new=5 type=1 width=1
hit=36 frame=1590 cycle=446714008 pc=0809C0F0 lr=080961D7 sp=030011B8 addr=02002E53 old=11 new=1 type=1 width=1
hit=37 frame=1590 cycle=446714008 pc=0809C0F0 lr=080961D7 sp=030011B8 addr=02002E54 old=17 new=5 type=1 width=1
hit=38 frame=1590 cycle=446714008 pc=0809C0F0 lr=080961D7 sp=030011B8 addr=02002E55 old=0 new=7 type=1 width=1
hit=39 frame=1590 cycle=446714008 pc=0809C0F0 lr=080961D7 sp=030011B8 addr=02002E56 old=0 new=4 type=1 width=1
hit=40 frame=1590 cycle=446714008 pc=0809C0F0 lr=080961D7 sp=030011B8 addr=02002E57 old=0 new=29 type=1 width=1
hit=41 frame=1590 cycle=446714008 pc=0809C0F0 lr=080961D7 sp=030011B8 addr=02002E58 old=17 new=30 type=1 width=1
hit=42 frame=1590 cycle=446714008 pc=0809C0F0 lr=080961D7 sp=030011B8 addr=02002E59 old=17 new=2 type=1 width=1
hit=43 frame=1590 cycle=446714008 pc=0809C0F0 lr=080961D7 sp=030011B8 addr=02002E5A old=11 new=2 type=1 width=1
hit=44 frame=1590 cycle=446714008 pc=0809C0F0 lr=080961D7 sp=030011B8 addr=02002E5B old=4 new=2 type=1 width=1
hit=45 frame=1590 cycle=446714008 pc=0809C0F0 lr=080961D7 sp=030011B8 addr=02002E5C old=17 new=7 type=1 width=1
hit=46 frame=1590 cycle=446714008 pc=0809C0F0 lr=080961D7 sp=030011B8 addr=02002E5D old=17 new=7 type=1 width=1
hit=47 frame=1590 cycle=446714008 pc=0809C0F0 lr=080961D7 sp=030011B8 addr=02002E5E old=17 new=1 type=1 width=1
hit=48 frame=1590 cycle=446714008 pc=0809C0F0 lr=080961D7 sp=030011B8 addr=02002E5F old=17 new=24 type=1 width=1
hit=49 frame=1590 cycle=446714008 pc=0809C0F0 lr=080961D7 sp=030011B8 addr=02002E60 old=25 new=26 type=1 width=1
hit=50 frame=1590 cycle=446714008 pc=0809C0F0 lr=080961D7 sp=030011B8 addr=02002E61 old=25 new=1 type=1 width=1
hit=51 frame=1590 cycle=446714008 pc=0809C0F0 lr=080961D7 sp=030011B8 addr=02002E62 old=2 new=1 type=1 width=1
hit=52 frame=1590 cycle=446714008 pc=0809C0F0 lr=080961D7 sp=030011B8 addr=02002E63 old=13 new=7 type=1 width=1
hit=53 frame=1590 cycle=446714008 pc=0809C0F0 lr=080961D7 sp=030011B8 addr=02002E64 old=30 new=7 type=1 width=1
hit=54 frame=1590 cycle=446714008 pc=0809C0F0 lr=080961D7 sp=030011B8 addr=02002E65 old=48 new=5 type=1 width=1
hit=55 frame=1590 cycle=446714008 pc=0809C0F0 lr=080961D7 sp=030011B8 addr=02002E66 old=30 new=5 type=1 width=1
hit=56 frame=1590 cycle=446714008 pc=0809C0F0 lr=080961D7 sp=030011B8 addr=02002E67 old=36 new=31 type=1 width=1
hit=57 frame=1590 cycle=446714008 pc=0809C0F0 lr=080961D7 sp=030011B8 addr=02002E68 old=54 new=19 type=1 width=1
hit=58 frame=1590 cycle=446714008 pc=0809C0F0 lr=080961D7 sp=030011B8 addr=02002E69 old=54 new=25 type=1 width=1
hit=59 frame=1590 cycle=446714008 pc=0809C0F0 lr=080961D7 sp=030011B8 addr=02002E6A old=10 new=5 type=1 width=1
hit=60 frame=1590 cycle=446714008 pc=0809C0F0 lr=080961D7 sp=030011B8 addr=02002E6B old=36 new=7 type=1 width=1
hit=61 frame=1590 cycle=446714008 pc=0809C0F0 lr=080961D7 sp=030011B8 addr=02002E6C old=48 new=7 type=1 width=1
hit=62 frame=1590 cycle=446714008 pc=0809C0F0 lr=080961D7 sp=030011B8 addr=02002E6D old=30 new=2 type=1 width=1
hit=63 frame=1590 cycle=446714008 pc=0809C0F0 lr=080961D7 sp=030011B8 addr=02002E6E old=15 new=16 type=1 width=1
hit=64 frame=1590 cycle=446714008 pc=0809C0F0 lr=080961D7 sp=030011B8 addr=02002E6F old=30 new=33 type=1 width=1
hit=65 frame=1590 cycle=446714008 pc=0809C0F0 lr=080961D7 sp=030011B8 addr=02002E70 old=54 new=6 type=1 width=1
hit=66 frame=1590 cycle=446714008 pc=0809C0F0 lr=080961D7 sp=030011B8 addr=02002E71 old=54 new=2 type=1 width=1
hit=67 frame=1590 cycle=446714008 pc=0809C0F0 lr=080961D7 sp=030011B8 addr=02002E72 old=43 new=7 type=1 width=1
hit=68 frame=1590 cycle=446714008 pc=0809C0F0 lr=080961D7 sp=030011B8 addr=02002E73 old=43 new=7 type=1 width=1
hit=69 frame=1590 cycle=446714008 pc=0809C0F0 lr=080961D7 sp=030011B8 addr=02002E74 old=19 new=5 type=1 width=1
hit=70 frame=1590 cycle=446714008 pc=0809C0F0 lr=080961D7 sp=030011B8 addr=02002E75 old=36 new=1 type=1 width=1
hit=71 frame=1590 cycle=446714008 pc=0809C0F0 lr=080961D7 sp=030011B8 addr=02002E76 old=48 new=27 type=1 width=1
hit=72 frame=1590 cycle=446714008 pc=0809C0F0 lr=080961D7 sp=030011B8 addr=02002E77 old=61 new=33 type=1 width=1
hit=73 frame=1590 cycle=446714008 pc=0809C0F0 lr=080961D7 sp=030011B8 addr=02002E78 old=43 new=2 type=1 width=1
hit=74 frame=1590 cycle=446714008 pc=0809C0F0 lr=080961D7 sp=030011B8 addr=02002E79 old=19 new=7 type=1 width=1
hit=75 frame=1590 cycle=446714008 pc=0809C0F0 lr=080961D7 sp=030011B8 addr=02002E7A old=15 new=7 type=1 width=1
hit=76 frame=1590 cycle=446714008 pc=0809C0F0 lr=080961D7 sp=030011B8 addr=02002E7B old=30 new=7 type=1 width=1
hit=77 frame=1590 cycle=446714008 pc=0809C0F0 lr=080961D7 sp=030011B8 addr=02002E7C old=61 new=2 type=1 width=1
hit=78 frame=1590 cycle=446714008 pc=0809C0F0 lr=080961D7 sp=030011B8 addr=02002E7D old=63 new=16 type=1 width=1
hit=79 frame=1590 cycle=446714008 pc=0809C0F0 lr=080961D7 sp=030011B8 addr=02002E7E old=63 new=33 type=1 width=1
hit=80 frame=1590 cycle=446714008 pc=0809C0F0 lr=080961D7 sp=030011B8 addr=02002E7F old=62 new=31 type=1 width=1
hit=81 frame=1590 cycle=446714008 pc=0809C0F0 lr=080961D7 sp=030011B8 addr=02002E80 old=52 new=39 type=1 width=1
hit=82 frame=1590 cycle=446714008 pc=0809C0F0 lr=080961D7 sp=030011B8 addr=02002E81 old=52 new=35 type=1 width=1
hit=83 frame=1590 cycle=446714008 pc=0809C0F0 lr=080961D7 sp=030011B8 addr=02002E82 old=52 new=39 type=1 width=1
hit=84 frame=1590 cycle=446714008 pc=0809C0F0 lr=080961D7 sp=030011B8 addr=02002E83 old=52 new=32 type=1 width=1
hit=85 frame=1590 cycle=446714008 pc=0809C0F0 lr=080961D7 sp=030011B8 addr=02002E84 old=52 new=14 type=1 width=1
hit=86 frame=1590 cycle=446714008 pc=0809C0F0 lr=080961D7 sp=030011B8 addr=02002E85 old=52 new=23 type=1 width=1
hit=87 frame=1590 cycle=446714008 pc=0809C0F0 lr=080961D7 sp=030011B8 addr=02002E86 old=52 new=40 type=1 width=1
hit=88 frame=1590 cycle=446714008 pc=0809C0F0 lr=080961D7 sp=030011B8 addr=02002E87 old=52 new=56 type=1 width=1
hit=89 frame=1590 cycle=446714008 pc=0809C0F0 lr=080961D7 sp=030011B8 addr=02002E88 old=47 new=28 type=1 width=1
hit=90 frame=1590 cycle=446714008 pc=0809C0F0 lr=080961D7 sp=030011B8 addr=02002E89 old=52 new=39 type=1 width=1
hit=91 frame=1590 cycle=446714008 pc=0809C0F0 lr=080961D7 sp=030011B8 addr=02002E8A old=49 new=35 type=1 width=1
hit=92 frame=1590 cycle=446714008 pc=0809C0F0 lr=080961D7 sp=030011B8 addr=02002E8B old=52 new=35 type=1 width=1
hit=93 frame=1590 cycle=446714008 pc=0809C0F0 lr=080961D7 sp=030011B8 addr=02002E8C old=52 new=39 type=1 width=1
hit=94 frame=1590 cycle=446714008 pc=0809C0F0 lr=080961D7 sp=030011B8 addr=02002E8D old=44 new=30 type=1 width=1
hit=95 frame=1590 cycle=446714008 pc=0809C0F0 lr=080961D7 sp=030011B8 addr=02002E8E old=33 new=11 type=1 width=1
hit=96 frame=1590 cycle=446714008 pc=0809C0F0 lr=080961D7 sp=030011B8 addr=02002E8F old=18 new=26 type=1 width=1
