watch_set frame=1500 id=1
hit=1 frame=1607 cycle=451443336 pc=000002A0 lr=000000A4 sp=03007EAC addr=06001B00 old=57803 new=-7733 type=1 width=2
first_hit_screenshot=/Users/altair/github/naruto/notes/dialogue-watch-vram-tilemap-first-hit.png
hit=2 frame=1607 cycle=451443347 pc=000002A0 lr=000000A4 sp=03007EAC addr=06001B02 old=57814 new=-7722 type=1 width=2
hit=3 frame=1607 cycle=451443358 pc=000002A0 lr=000000A4 sp=03007EAC addr=06001B04 old=57814 new=-7722 type=1 width=2
hit=4 frame=1607 cycle=451443369 pc=000002A0 lr=000000A4 sp=03007EAC addr=06001B06 old=57814 new=-7722 type=1 width=2
hit=5 frame=1607 cycle=451443380 pc=000002A0 lr=000000A4 sp=03007EAC addr=06001B08 old=57814 new=-7722 type=1 width=2
hit=6 frame=1607 cycle=451443391 pc=000002A0 lr=000000A4 sp=03007EAC addr=06001B0A old=57814 new=-7722 type=1 width=2
hit=7 frame=1607 cycle=451443402 pc=000002A0 lr=000000A4 sp=03007EAC addr=06001B0C old=57814 new=-7722 type=1 width=2
hit=8 frame=1607 cycle=451443413 pc=000002A0 lr=000000A4 sp=03007EAC addr=06001B0E old=57814 new=-7722 type=1 width=2
hit=9 frame=1607 cycle=451443424 pc=000002A0 lr=000000A4 sp=03007EAC addr=06001B10 old=57814 new=-7722 type=1 width=2
hit=10 frame=1607 cycle=451443435 pc=000002A0 lr=000000A4 sp=03007EAC addr=06001B12 old=57814 new=-7722 type=1 width=2
hit=11 frame=1607 cycle=451443446 pc=000002A0 lr=000000A4 sp=03007EAC addr=06001B14 old=57814 new=-7722 type=1 width=2
hit=12 frame=1607 cycle=451443457 pc=000002A0 lr=000000A4 sp=03007EAC addr=06001B16 old=57814 new=-7722 type=1 width=2
hit=13 frame=1607 cycle=451443468 pc=000002A0 lr=000000A4 sp=03007EAC addr=06001B18 old=57814 new=-7722 type=1 width=2
hit=14 frame=1607 cycle=451443479 pc=000002A0 lr=000000A4 sp=03007EAC addr=06001B1A old=57814 new=-7722 type=1 width=2
hit=15 frame=1607 cycle=451443490 pc=000002A0 lr=000000A4 sp=03007EAC addr=06001B1C old=57814 new=-7722 type=1 width=2
hit=16 frame=1607 cycle=451443501 pc=000002A0 lr=000000A4 sp=03007EAC addr=06001B1E old=57814 new=-7722 type=1 width=2
hit=17 frame=1607 cycle=451443512 pc=000002A0 lr=000000A4 sp=03007EAC addr=06001B20 old=57814 new=-7722 type=1 width=2
hit=18 frame=1607 cycle=451443523 pc=000002A0 lr=000000A4 sp=03007EAC addr=06001B22 old=57814 new=-7722 type=1 width=2
hit=19 frame=1607 cycle=451443534 pc=000002A0 lr=000000A4 sp=03007EAC addr=06001B24 old=57814 new=-7722 type=1 width=2
hit=20 frame=1607 cycle=451443545 pc=000002A0 lr=000000A4 sp=03007EAC addr=06001B26 old=57814 new=-7722 type=1 width=2
hit=21 frame=1607 cycle=451443556 pc=000002A0 lr=000000A4 sp=03007EAC addr=06001B28 old=57814 new=-7722 type=1 width=2
hit=22 frame=1607 cycle=451443567 pc=000002A0 lr=000000A4 sp=03007EAC addr=06001B2A old=57814 new=-7722 type=1 width=2
hit=23 frame=1607 cycle=451443578 pc=000002A0 lr=000000A4 sp=03007EAC addr=06001B2C old=57814 new=-7722 type=1 width=2
hit=24 frame=1607 cycle=451443589 pc=000002A0 lr=000000A4 sp=03007EAC addr=06001B2E old=57814 new=-7722 type=1 width=2
hit=25 frame=1607 cycle=451443600 pc=000002A0 lr=000000A4 sp=03007EAC addr=06001B30 old=57814 new=-7722 type=1 width=2
hit=26 frame=1607 cycle=451443611 pc=000002A0 lr=000000A4 sp=03007EAC addr=06001B32 old=57814 new=-7722 type=1 width=2
hit=27 frame=1607 cycle=451443622 pc=000002A0 lr=000000A4 sp=03007EAC addr=06001B34 old=57814 new=-7722 type=1 width=2
hit=28 frame=1607 cycle=451443633 pc=000002A0 lr=000000A4 sp=03007EAC addr=06001B36 old=57814 new=-7722 type=1 width=2
hit=29 frame=1607 cycle=451443644 pc=000002A0 lr=000000A4 sp=03007EAC addr=06001B38 old=57814 new=-7722 type=1 width=2
hit=30 frame=1607 cycle=451443655 pc=000002A0 lr=000000A4 sp=03007EAC addr=06001B3A old=57811 new=-7725 type=1 width=2
hit=31 frame=1607 cycle=451443819 pc=000002A0 lr=000000A4 sp=03007EAC addr=06001B40 old=57804 new=-7732 type=1 width=2
hit=32 frame=1607 cycle=451443830 pc=000002A0 lr=000000A4 sp=03007EAC addr=06001B42 old=57793 new=-7743 type=1 width=2
hit=33 frame=1607 cycle=451443841 pc=000002A0 lr=000000A4 sp=03007EAC addr=06001B44 old=57793 new=-7743 type=1 width=2
hit=34 frame=1607 cycle=451443852 pc=000002A0 lr=000000A4 sp=03007EAC addr=06001B46 old=61696 new=-3792 type=1 width=2
hit=35 frame=1607 cycle=451443863 pc=000002A0 lr=000000A4 sp=03007EAC addr=06001B48 old=61698 new=-3790 type=1 width=2
hit=36 frame=1607 cycle=451443874 pc=000002A0 lr=000000A4 sp=03007EAC addr=06001B4A old=61700 new=-3788 type=1 width=2
hit=37 frame=1607 cycle=451443885 pc=000002A0 lr=000000A4 sp=03007EAC addr=06001B4C old=61702 new=-7743 type=1 width=2
hit=38 frame=1607 cycle=451443896 pc=000002A0 lr=000000A4 sp=03007EAC addr=06001B4E old=57793 new=-7743 type=1 width=2
hit=39 frame=1607 cycle=451443907 pc=000002A0 lr=000000A4 sp=03007EAC addr=06001B50 old=57793 new=-7743 type=1 width=2
hit=40 frame=1607 cycle=451443918 pc=000002A0 lr=000000A4 sp=03007EAC addr=06001B52 old=57793 new=-7743 type=1 width=2
hit=41 frame=1607 cycle=451443929 pc=000002A0 lr=000000A4 sp=03007EAC addr=06001B54 old=57793 new=-7743 type=1 width=2
hit=42 frame=1607 cycle=451443940 pc=000002A0 lr=000000A4 sp=03007EAC addr=06001B56 old=57793 new=-7743 type=1 width=2
hit=43 frame=1607 cycle=451443951 pc=000002A0 lr=000000A4 sp=03007EAC addr=06001B58 old=57793 new=-7743 type=1 width=2
hit=44 frame=1607 cycle=451443962 pc=000002A0 lr=000000A4 sp=03007EAC addr=06001B5A old=57793 new=-7743 type=1 width=2
hit=45 frame=1607 cycle=451443973 pc=000002A0 lr=000000A4 sp=03007EAC addr=06001B5C old=57793 new=-7743 type=1 width=2
hit=46 frame=1607 cycle=451443984 pc=000002A0 lr=000000A4 sp=03007EAC addr=06001B5E old=57793 new=-7743 type=1 width=2
hit=47 frame=1607 cycle=451443995 pc=000002A0 lr=000000A4 sp=03007EAC addr=06001B60 old=57793 new=-7743 type=1 width=2
hit=48 frame=1607 cycle=451444006 pc=000002A0 lr=000000A4 sp=03007EAC addr=06001B62 old=57793 new=-7743 type=1 width=2
hit=49 frame=1607 cycle=451444017 pc=000002A0 lr=000000A4 sp=03007EAC addr=06001B64 old=57793 new=-7743 type=1 width=2
hit=50 frame=1607 cycle=451444028 pc=000002A0 lr=000000A4 sp=03007EAC addr=06001B66 old=57793 new=-7743 type=1 width=2
hit=51 frame=1607 cycle=451444039 pc=000002A0 lr=000000A4 sp=03007EAC addr=06001B68 old=57793 new=-7743 type=1 width=2
hit=52 frame=1607 cycle=451444050 pc=000002A0 lr=000000A4 sp=03007EAC addr=06001B6A old=57793 new=-7743 type=1 width=2
hit=53 frame=1607 cycle=451444061 pc=000002A0 lr=000000A4 sp=03007EAC addr=06001B6C old=57793 new=-7743 type=1 width=2
hit=54 frame=1607 cycle=451444072 pc=000002A0 lr=000000A4 sp=03007EAC addr=06001B6E old=57793 new=-7743 type=1 width=2
hit=55 frame=1607 cycle=451444083 pc=000002A0 lr=000000A4 sp=03007EAC addr=06001B70 old=57793 new=-7743 type=1 width=2
hit=56 frame=1607 cycle=451444094 pc=000002A0 lr=000000A4 sp=03007EAC addr=06001B72 old=57793 new=-7743 type=1 width=2
hit=57 frame=1607 cycle=451444105 pc=000002A0 lr=000000A4 sp=03007EAC addr=06001B74 old=57793 new=-7743 type=1 width=2
hit=58 frame=1607 cycle=451444116 pc=000002A0 lr=000000A4 sp=03007EAC addr=06001B76 old=57793 new=-7743 type=1 width=2
hit=59 frame=1607 cycle=451444127 pc=000002A0 lr=000000A4 sp=03007EAC addr=06001B78 old=57793 new=-7743 type=1 width=2
hit=60 frame=1607 cycle=451444138 pc=000002A0 lr=000000A4 sp=03007EAC addr=06001B7A old=57812 new=-7724 type=1 width=2
hit=61 frame=1607 cycle=451444302 pc=000002A0 lr=000000A4 sp=03007EAC addr=06001B80 old=57805 new=-7731 type=1 width=2
hit=62 frame=1607 cycle=451444313 pc=000002A0 lr=000000A4 sp=03007EAC addr=06001B82 old=57793 new=-7743 type=1 width=2
hit=63 frame=1607 cycle=451444324 pc=000002A0 lr=000000A4 sp=03007EAC addr=06001B84 old=57793 new=-7743 type=1 width=2
hit=64 frame=1607 cycle=451444335 pc=000002A0 lr=000000A4 sp=03007EAC addr=06001B86 old=61697 new=-3791 type=1 width=2
