watch_set frame=1500 id=1
hit=1 frame=1590 cycle=446714008 pc=0809C0F0 lr=080961D7 sp=030011B8 addr=02002880 old=0 new=42 type=1 width=1
first_hit_screenshot=/Users/altair/github/naruto/notes/dialogue-watch-sb-struct-first-hit.png
hit=2 frame=1590 cycle=446714008 pc=0809C0F0 lr=080961D7 sp=030011B8 addr=02002881 old=0 new=44 type=1 width=1
hit=3 frame=1590 cycle=446714008 pc=0809C0F0 lr=080961D7 sp=030011B8 addr=02002882 old=0 new=41 type=1 width=1
hit=4 frame=1590 cycle=446714008 pc=0809C0F0 lr=080961D7 sp=030011B8 addr=02002883 old=17 new=16 type=1 width=1
hit=5 frame=1590 cycle=446714008 pc=0809C0F0 lr=080961D7 sp=030011B8 addr=02002884 old=17 new=16 type=1 width=1
hit=6 frame=1590 cycle=446714008 pc=0809C0F0 lr=080961D7 sp=030011B8 addr=02002885 old=17 new=24 type=1 width=1
hit=7 frame=1590 cycle=446714008 pc=0809C0F0 lr=080961D7 sp=030011B8 addr=02002886 old=17 new=44 type=1 width=1
hit=8 frame=1590 cycle=446714008 pc=0809C0F0 lr=080961D7 sp=030011B8 addr=02002887 old=0 new=29 type=1 width=1
hit=9 frame=1590 cycle=446714008 pc=0809C0F0 lr=080961D7 sp=030011B8 addr=02002888 old=0 new=42 type=1 width=1
hit=10 frame=1590 cycle=446714008 pc=0809C0F0 lr=080961D7 sp=030011B8 addr=02002889 old=0 new=42 type=1 width=1
hit=11 frame=1590 cycle=446714008 pc=0809C0F0 lr=080961D7 sp=030011B8 addr=0200288A old=0 new=42 type=1 width=1
hit=12 frame=1590 cycle=446714008 pc=0809C0F0 lr=080961D7 sp=030011B8 addr=0200288B old=0 new=42 type=1 width=1
hit=13 frame=1590 cycle=446714008 pc=0809C0F0 lr=080961D7 sp=030011B8 addr=0200288C old=17 new=24 type=1 width=1
hit=14 frame=1590 cycle=446714008 pc=0809C0F0 lr=080961D7 sp=030011B8 addr=0200288D old=17 new=12 type=1 width=1
hit=15 frame=1590 cycle=446714008 pc=0809C0F0 lr=080961D7 sp=030011B8 addr=0200288E old=17 new=16 type=1 width=1
hit=16 frame=1590 cycle=446714008 pc=0809C0F0 lr=080961D7 sp=030011B8 addr=0200288F old=0 new=42 type=1 width=1
hit=17 frame=1590 cycle=446714008 pc=0809C0F0 lr=080961D7 sp=030011B8 addr=02002890 old=0 new=42 type=1 width=1
hit=18 frame=1590 cycle=446714008 pc=0809C0F0 lr=080961D7 sp=030011B8 addr=02002891 old=0 new=42 type=1 width=1
hit=19 frame=1590 cycle=446714008 pc=0809C0F0 lr=080961D7 sp=030011B8 addr=02002892 old=0 new=42 type=1 width=1
hit=20 frame=1590 cycle=446714008 pc=0809C0F0 lr=080961D7 sp=030011B8 addr=02002893 old=0 new=42 type=1 width=1
hit=21 frame=1590 cycle=446714008 pc=0809C0F0 lr=080961D7 sp=030011B8 addr=02002894 old=0 new=41 type=1 width=1
hit=22 frame=1590 cycle=446714008 pc=0809C0F0 lr=080961D7 sp=030011B8 addr=02002895 old=0 new=20 type=1 width=1
hit=23 frame=1590 cycle=446714008 pc=0809C0F0 lr=080961D7 sp=030011B8 addr=02002896 old=17 new=16 type=1 width=1
hit=24 frame=1590 cycle=446714008 pc=0809C0F0 lr=080961D7 sp=030011B8 addr=02002897 old=17 new=27 type=1 width=1
hit=25 frame=1590 cycle=446714008 pc=0809C0F0 lr=080961D7 sp=030011B8 addr=02002898 old=17 new=38 type=1 width=1
hit=26 frame=1590 cycle=446714008 pc=0809C0F0 lr=080961D7 sp=030011B8 addr=02002899 old=4 new=42 type=1 width=1
hit=27 frame=1590 cycle=446714008 pc=0809C0F0 lr=080961D7 sp=030011B8 addr=0200289A old=4 new=42 type=1 width=1
hit=28 frame=1590 cycle=446714008 pc=0809C0F0 lr=080961D7 sp=030011B8 addr=0200289B old=17 new=42 type=1 width=1
hit=29 frame=1590 cycle=446714008 pc=0809C0F0 lr=080961D7 sp=030011B8 addr=0200289C old=17 new=44 type=1 width=1
hit=30 frame=1590 cycle=446714008 pc=0809C0F0 lr=080961D7 sp=030011B8 addr=0200289D old=0 new=38 type=1 width=1
hit=31 frame=1590 cycle=446714008 pc=0809C0F0 lr=080961D7 sp=030011B8 addr=0200289E old=0 new=20 type=1 width=1
hit=32 frame=1590 cycle=446714008 pc=0809C0F0 lr=080961D7 sp=030011B8 addr=0200289F old=0 new=24 type=1 width=1
hit=33 frame=1590 cycle=446714008 pc=0809C0F0 lr=080961D7 sp=030011B8 addr=020028A0 old=48 new=33 type=1 width=1
hit=34 frame=1590 cycle=446714008 pc=0809C0F0 lr=080961D7 sp=030011B8 addr=020028A1 old=60 new=42 type=1 width=1
hit=35 frame=1590 cycle=446714008 pc=0809C0F0 lr=080961D7 sp=030011B8 addr=020028A2 old=62 new=42 type=1 width=1
hit=36 frame=1590 cycle=446714008 pc=0809C0F0 lr=080961D7 sp=030011B8 addr=020028A3 old=51 new=42 type=1 width=1
hit=37 frame=1590 cycle=446714008 pc=0809C0F0 lr=080961D7 sp=030011B8 addr=020028A4 old=6 new=42 type=1 width=1
hit=38 frame=1590 cycle=446714008 pc=0809C0F0 lr=080961D7 sp=030011B8 addr=020028A5 old=17 new=44 type=1 width=1
hit=39 frame=1590 cycle=446714008 pc=0809C0F0 lr=080961D7 sp=030011B8 addr=020028A6 old=0 new=16 type=1 width=1
hit=40 frame=1590 cycle=446714008 pc=0809C0F0 lr=080961D7 sp=030011B8 addr=020028A7 old=0 new=16 type=1 width=1
hit=41 frame=1590 cycle=446714008 pc=0809C0F0 lr=080961D7 sp=030011B8 addr=020028A8 old=63 new=31 type=1 width=1
hit=42 frame=1590 cycle=446714008 pc=0809C0F0 lr=080961D7 sp=030011B8 addr=020028A9 old=63 new=38 type=1 width=1
hit=43 frame=1590 cycle=446714008 pc=0809C0F0 lr=080961D7 sp=030011B8 addr=020028AA old=62 new=42 type=1 width=1
hit=44 frame=1590 cycle=446714008 pc=0809C0F0 lr=080961D7 sp=030011B8 addr=020028AB old=63 new=42 type=1 width=1
hit=45 frame=1590 cycle=446714008 pc=0809C0F0 lr=080961D7 sp=030011B8 addr=020028AC old=36 new=42 type=1 width=1
hit=46 frame=1590 cycle=446714008 pc=0809C0F0 lr=080961D7 sp=030011B8 addr=020028AD old=17 new=42 type=1 width=1
hit=47 frame=1590 cycle=446714008 pc=0809C0F0 lr=080961D7 sp=030011B8 addr=020028AE old=0 new=38 type=1 width=1
hit=48 frame=1590 cycle=446714008 pc=0809C0F0 lr=080961D7 sp=030011B8 addr=020028AF old=0 new=22 type=1 width=1
hit=49 frame=1590 cycle=446714008 pc=0809C0F0 lr=080961D7 sp=030011B8 addr=020028B0 old=63 new=31 type=1 width=1
hit=50 frame=1590 cycle=446714008 pc=0809C0F0 lr=080961D7 sp=030011B8 addr=020028B1 old=58 new=36 type=1 width=1
hit=51 frame=1590 cycle=446714008 pc=0809C0F0 lr=080961D7 sp=030011B8 addr=020028B2 old=22 new=42 type=1 width=1
hit=52 frame=1590 cycle=446714008 pc=0809C0F0 lr=080961D7 sp=030011B8 addr=020028B3 old=36 new=42 type=1 width=1
hit=53 frame=1590 cycle=446714008 pc=0809C0F0 lr=080961D7 sp=030011B8 addr=020028B4 old=54 new=42 type=1 width=1
hit=54 frame=1590 cycle=446714008 pc=0809C0F0 lr=080961D7 sp=030011B8 addr=020028B5 old=4 new=42 type=1 width=1
hit=55 frame=1590 cycle=446714008 pc=0809C0F0 lr=080961D7 sp=030011B8 addr=020028B6 old=17 new=42 type=1 width=1
hit=56 frame=1590 cycle=446714008 pc=0809C0F0 lr=080961D7 sp=030011B8 addr=020028B7 old=0 new=16 type=1 width=1
hit=57 frame=1590 cycle=446714008 pc=0809C0F0 lr=080961D7 sp=030011B8 addr=020028B8 old=63 new=31 type=1 width=1
hit=58 frame=1590 cycle=446714008 pc=0809C0F0 lr=080961D7 sp=030011B8 addr=020028B9 old=60 new=36 type=1 width=1
hit=59 frame=1590 cycle=446714008 pc=0809C0F0 lr=080961D7 sp=030011B8 addr=020028BA old=15 new=42 type=1 width=1
hit=60 frame=1590 cycle=446714008 pc=0809C0F0 lr=080961D7 sp=030011B8 addr=020028BB old=19 new=42 type=1 width=1
hit=61 frame=1590 cycle=446714008 pc=0809C0F0 lr=080961D7 sp=030011B8 addr=020028BC old=36 new=42 type=1 width=1
hit=62 frame=1590 cycle=446714008 pc=0809C0F0 lr=080961D7 sp=030011B8 addr=020028BD old=13 new=42 type=1 width=1
hit=63 frame=1590 cycle=446714008 pc=0809C0F0 lr=080961D7 sp=030011B8 addr=020028BE old=17 new=44 type=1 width=1
hit=64 frame=1590 cycle=446714008 pc=0809C0F0 lr=080961D7 sp=030011B8 addr=020028BF old=0 new=24 type=1 width=1
hit=65 frame=1590 cycle=446714008 pc=0809C0F0 lr=080961D7 sp=030011B8 addr=020028C0 old=0 new=25 type=1 width=1
hit=66 frame=1590 cycle=446714008 pc=0809C0F0 lr=080961D7 sp=030011B8 addr=020028C8 old=0 new=22 type=1 width=1
hit=67 frame=1590 cycle=446714008 pc=0809C0F0 lr=080961D7 sp=030011B8 addr=020028C9 old=0 new=25 type=1 width=1
hit=68 frame=1590 cycle=446714008 pc=0809C0F0 lr=080961D7 sp=030011B8 addr=020028D0 old=0 new=44 type=1 width=1
hit=69 frame=1590 cycle=446714008 pc=0809C0F0 lr=080961D7 sp=030011B8 addr=020028D1 old=0 new=7 type=1 width=1
hit=70 frame=1590 cycle=446714008 pc=0809C0F0 lr=080961D7 sp=030011B8 addr=020028D2 old=0 new=25 type=1 width=1
hit=71 frame=1590 cycle=446714008 pc=0809C0F0 lr=080961D7 sp=030011B8 addr=020028D8 old=0 new=33 type=1 width=1
hit=72 frame=1590 cycle=446714008 pc=0809C0F0 lr=080961D7 sp=030011B8 addr=020028D9 old=0 new=42 type=1 width=1
hit=73 frame=1590 cycle=446714008 pc=0809C0F0 lr=080961D7 sp=030011B8 addr=020028DA old=0 new=1 type=1 width=1
hit=74 frame=1590 cycle=446714008 pc=0809C0F0 lr=080961D7 sp=030011B8 addr=020028E0 old=0 new=9 type=1 width=1
hit=75 frame=1590 cycle=446714008 pc=0809C0F0 lr=080961D7 sp=030011B8 addr=020028E1 old=0 new=44 type=1 width=1
hit=76 frame=1590 cycle=446714008 pc=0809C0F0 lr=080961D7 sp=030011B8 addr=020028E2 old=0 new=27 type=1 width=1
hit=77 frame=1590 cycle=446714008 pc=0809C0F0 lr=080961D7 sp=030011B8 addr=020028E3 old=0 new=25 type=1 width=1
hit=78 frame=1590 cycle=446714008 pc=0809C0F0 lr=080961D7 sp=030011B8 addr=020028E8 old=0 new=24 type=1 width=1
hit=79 frame=1590 cycle=446714008 pc=0809C0F0 lr=080961D7 sp=030011B8 addr=020028E9 old=0 new=33 type=1 width=1
hit=80 frame=1590 cycle=446714008 pc=0809C0F0 lr=080961D7 sp=030011B8 addr=020028EA old=0 new=38 type=1 width=1
hit=81 frame=1590 cycle=446714008 pc=0809C0F0 lr=080961D7 sp=030011B8 addr=020028EB old=0 new=25 type=1 width=1
hit=82 frame=1590 cycle=446714008 pc=0809C0F0 lr=080961D7 sp=030011B8 addr=020028F0 old=0 new=27 type=1 width=1
hit=83 frame=1590 cycle=446714008 pc=0809C0F0 lr=080961D7 sp=030011B8 addr=020028F1 old=0 new=24 type=1 width=1
hit=84 frame=1590 cycle=446714008 pc=0809C0F0 lr=080961D7 sp=030011B8 addr=020028F2 old=0 new=44 type=1 width=1
hit=85 frame=1590 cycle=446714008 pc=0809C0F0 lr=080961D7 sp=030011B8 addr=020028F3 old=0 new=4 type=1 width=1
hit=86 frame=1590 cycle=446714008 pc=0809C0F0 lr=080961D7 sp=030011B8 addr=020028F4 old=0 new=25 type=1 width=1
hit=87 frame=1590 cycle=446714008 pc=0809C0F0 lr=080961D7 sp=030011B8 addr=020028F8 old=0 new=27 type=1 width=1
hit=88 frame=1590 cycle=446714008 pc=0809C0F0 lr=080961D7 sp=030011B8 addr=020028F9 old=0 new=22 type=1 width=1
hit=89 frame=1590 cycle=446714008 pc=0809C0F0 lr=080961D7 sp=030011B8 addr=020028FA old=0 new=47 type=1 width=1
hit=90 frame=1590 cycle=446714008 pc=0809C0F0 lr=080961D7 sp=030011B8 addr=020028FB old=0 new=20 type=1 width=1
hit=91 frame=1590 cycle=446714008 pc=0809C0F0 lr=080961D7 sp=030011B8 addr=020028FC old=0 new=25 type=1 width=1
hit=92 frame=1590 cycle=446714008 pc=0809C0F0 lr=080961D7 sp=030011B8 addr=02002900 old=62 new=31 type=1 width=1
hit=93 frame=1590 cycle=446714008 pc=0809C0F0 lr=080961D7 sp=030011B8 addr=02002901 old=61 new=27 type=1 width=1
hit=94 frame=1590 cycle=446714008 pc=0809C0F0 lr=080961D7 sp=030011B8 addr=02002902 old=15 new=41 type=1 width=1
hit=95 frame=1590 cycle=446714008 pc=0809C0F0 lr=080961D7 sp=030011B8 addr=02002903 old=25 new=42 type=1 width=1
hit=96 frame=1590 cycle=446714008 pc=0809C0F0 lr=080961D7 sp=030011B8 addr=02002904 old=30 new=42 type=1 width=1
