watch_set frame=1500 id=1
hit=1 frame=1605 cycle=450955280 pc=08065F50 lr=08065EDF sp=03001170 addr=06002600 old=0 new=-30584 type=1 width=2
first_hit_screenshot=/Users/altair/github/naruto/notes/dialogue-watch-vram-glyph-first-hit.png
hit=2 frame=1605 cycle=450955359 pc=08065F50 lr=08065EDF sp=03001170 addr=06002602 old=0 new=-30584 type=1 width=2
hit=3 frame=1605 cycle=450955438 pc=08065F50 lr=08065EDF sp=03001170 addr=06002604 old=0 new=-30280 type=1 width=2
hit=4 frame=1605 cycle=450955517 pc=08065F50 lr=08065EDF sp=03001170 addr=06002606 old=0 new=-30584 type=1 width=2
hit=5 frame=1605 cycle=450955596 pc=08065F50 lr=08065EDF sp=03001170 addr=06002608 old=0 new=-30280 type=1 width=2
hit=6 frame=1605 cycle=450955675 pc=08065F50 lr=08065EDF sp=03001170 addr=0600260A old=0 new=-30280 type=1 width=2
hit=7 frame=1605 cycle=450955754 pc=08065F50 lr=08065EDF sp=03001170 addr=0600260C old=0 new=-17480 type=1 width=2
hit=8 frame=1605 cycle=450955833 pc=08065F50 lr=08065EDF sp=03001170 addr=0600260E old=0 new=-25669 type=1 width=2
hit=9 frame=1605 cycle=450955912 pc=08065F50 lr=08065EDF sp=03001170 addr=06002610 old=0 new=-17992 type=1 width=2
hit=10 frame=1605 cycle=450955991 pc=08065F50 lr=08065EDF sp=03001170 addr=06002612 old=0 new=-26183 type=1 width=2
hit=11 frame=1605 cycle=450956070 pc=08065F50 lr=08065EDF sp=03001170 addr=06002614 old=0 new=-17992 type=1 width=2
hit=12 frame=1605 cycle=450956149 pc=08065F50 lr=08065EDF sp=03001170 addr=06002616 old=0 new=-30279 type=1 width=2
hit=13 frame=1605 cycle=450956228 pc=08065F50 lr=08065EDF sp=03001170 addr=06002618 old=0 new=-17477 type=1 width=2
hit=14 frame=1605 cycle=450956307 pc=08065F50 lr=08065EDF sp=03001170 addr=0600261A old=0 new=-25669 type=1 width=2
hit=15 frame=1605 cycle=450956386 pc=08065F50 lr=08065EDF sp=03001170 addr=0600261C old=0 new=-17989 type=1 width=2
hit=16 frame=1605 cycle=450956465 pc=08065F50 lr=08065EDF sp=03001170 addr=0600261E old=0 new=-26183 type=1 width=2
hit=17 frame=1605 cycle=450956566 pc=08065F50 lr=08065EDF sp=03001170 addr=06002620 old=0 new=-17991 type=1 width=2
hit=18 frame=1605 cycle=450956645 pc=08065F50 lr=08065EDF sp=03001170 addr=06002622 old=0 new=-30279 type=1 width=2
hit=19 frame=1605 cycle=450956724 pc=08065F50 lr=08065EDF sp=03001170 addr=06002624 old=0 new=-17480 type=1 width=2
hit=20 frame=1605 cycle=450956803 pc=08065F50 lr=08065EDF sp=03001170 addr=06002626 old=0 new=-30277 type=1 width=2
hit=21 frame=1605 cycle=450956882 pc=08065F50 lr=08065EDF sp=03001170 addr=06002628 old=0 new=-17992 type=1 width=2
hit=22 frame=1605 cycle=450956961 pc=08065F50 lr=08065EDF sp=03001170 addr=0600262A old=0 new=-30311 type=1 width=2
hit=23 frame=1605 cycle=450957040 pc=08065F50 lr=08065EDF sp=03001170 addr=0600262C old=0 new=-17992 type=1 width=2
hit=24 frame=1605 cycle=450957119 pc=08065F50 lr=08065EDF sp=03001170 addr=0600262E old=0 new=-30583 type=1 width=2
hit=25 frame=1605 cycle=450957198 pc=08065F50 lr=08065EDF sp=03001170 addr=06002630 old=0 new=-17992 type=1 width=2
hit=26 frame=1605 cycle=450957277 pc=08065F50 lr=08065EDF sp=03001170 addr=06002632 old=0 new=-30583 type=1 width=2
hit=27 frame=1605 cycle=450957356 pc=08065F50 lr=08065EDF sp=03001170 addr=06002634 old=0 new=-25672 type=1 width=2
hit=28 frame=1605 cycle=450957435 pc=08065F50 lr=08065EDF sp=03001170 addr=06002636 old=0 new=-30583 type=1 width=2
hit=29 frame=1605 cycle=450957514 pc=08065F50 lr=08065EDF sp=03001170 addr=06002638 old=0 new=-25672 type=1 width=2
hit=30 frame=1605 cycle=450957593 pc=08065F50 lr=08065EDF sp=03001170 addr=0600263A old=0 new=-30584 type=1 width=2
hit=31 frame=1605 cycle=450957672 pc=08065F50 lr=08065EDF sp=03001170 addr=0600263C old=0 new=-26216 type=1 width=2
hit=32 frame=1605 cycle=450957751 pc=08065F50 lr=08065EDF sp=03001170 addr=0600263E old=0 new=-30584 type=1 width=2
hit=33 frame=1605 cycle=450961251 pc=08065F50 lr=08065EDF sp=03001170 addr=06002640 old=0 new=-30584 type=1 width=2
hit=34 frame=1605 cycle=450961330 pc=08065F50 lr=08065EDF sp=03001170 addr=06002642 old=0 new=-30584 type=1 width=2
hit=35 frame=1605 cycle=450961409 pc=08065F50 lr=08065EDF sp=03001170 addr=06002644 old=0 new=-25720 type=1 width=2
hit=36 frame=1605 cycle=450961488 pc=08065F50 lr=08065EDF sp=03001170 addr=06002646 old=0 new=-30584 type=1 width=2
hit=37 frame=1605 cycle=450961567 pc=08065F50 lr=08065EDF sp=03001170 addr=06002648 old=0 new=-17528 type=1 width=2
hit=38 frame=1605 cycle=450961646 pc=08065F50 lr=08065EDF sp=03001170 addr=0600264A old=0 new=-30565 type=1 width=2
hit=39 frame=1605 cycle=450961725 pc=08065F50 lr=08065EDF sp=03001170 addr=0600264C old=0 new=-26184 type=1 width=2
hit=40 frame=1605 cycle=450961804 pc=08065F50 lr=08065EDF sp=03001170 addr=0600264E old=0 new=-30565 type=1 width=2
hit=41 frame=1605 cycle=450961883 pc=08065F50 lr=08065EDF sp=03001170 addr=06002650 old=0 new=-17480 type=1 width=2
hit=42 frame=1605 cycle=450961962 pc=08065F50 lr=08065EDF sp=03001170 addr=06002652 old=0 new=-30277 type=1 width=2
hit=43 frame=1605 cycle=450962041 pc=08065F50 lr=08065EDF sp=03001170 addr=06002654 old=0 new=-17989 type=1 width=2
hit=44 frame=1605 cycle=450962120 pc=08065F50 lr=08065EDF sp=03001170 addr=06002656 old=0 new=-30279 type=1 width=2
hit=45 frame=1605 cycle=450962199 pc=08065F50 lr=08065EDF sp=03001170 addr=06002658 old=0 new=-17479 type=1 width=2
hit=46 frame=1605 cycle=450962278 pc=08065F50 lr=08065EDF sp=03001170 addr=0600265A old=0 new=-30277 type=1 width=2
hit=47 frame=1605 cycle=450962357 pc=08065F50 lr=08065EDF sp=03001170 addr=0600265C old=0 new=-17992 type=1 width=2
hit=48 frame=1605 cycle=450962436 pc=08065F50 lr=08065EDF sp=03001170 addr=0600265E old=0 new=-30279 type=1 width=2
hit=49 frame=1605 cycle=450962537 pc=08065F50 lr=08065EDF sp=03001170 addr=06002660 old=0 new=-17477 type=1 width=2
hit=50 frame=1605 cycle=450962616 pc=08065F50 lr=08065EDF sp=03001170 addr=06002662 old=0 new=-25669 type=1 width=2
hit=51 frame=1605 cycle=450962695 pc=08065F50 lr=08065EDF sp=03001170 addr=06002664 old=0 new=-26215 type=1 width=2
hit=52 frame=1605 cycle=450962774 pc=08065F50 lr=08065EDF sp=03001170 addr=06002666 old=0 new=-26215 type=1 width=2
hit=53 frame=1605 cycle=450962853 pc=08065F50 lr=08065EDF sp=03001170 addr=06002668 old=0 new=-17480 type=1 width=2
hit=54 frame=1605 cycle=450962932 pc=08065F50 lr=08065EDF sp=03001170 addr=0600266A old=0 new=-30277 type=1 width=2
hit=55 frame=1605 cycle=450963011 pc=08065F50 lr=08065EDF sp=03001170 addr=0600266C old=0 new=-26184 type=1 width=2
hit=56 frame=1605 cycle=450963090 pc=08065F50 lr=08065EDF sp=03001170 addr=0600266E old=0 new=-30279 type=1 width=2
hit=57 frame=1605 cycle=450963169 pc=08065F50 lr=08065EDF sp=03001170 addr=06002670 old=0 new=-17480 type=1 width=2
hit=58 frame=1605 cycle=450963248 pc=08065F50 lr=08065EDF sp=03001170 addr=06002672 old=0 new=-30277 type=1 width=2
hit=59 frame=1605 cycle=450963327 pc=08065F50 lr=08065EDF sp=03001170 addr=06002674 old=0 new=-26184 type=1 width=2
hit=60 frame=1605 cycle=450963406 pc=08065F50 lr=08065EDF sp=03001170 addr=06002676 old=0 new=-30279 type=1 width=2
hit=61 frame=1605 cycle=450963485 pc=08065F50 lr=08065EDF sp=03001170 addr=06002678 old=0 new=-17480 type=1 width=2
hit=62 frame=1605 cycle=450963564 pc=08065F50 lr=08065EDF sp=03001170 addr=0600267A old=0 new=-30277 type=1 width=2
hit=63 frame=1605 cycle=450963643 pc=08065F50 lr=08065EDF sp=03001170 addr=0600267C old=0 new=-26216 type=1 width=2
hit=64 frame=1605 cycle=450963722 pc=08065F50 lr=08065EDF sp=03001170 addr=0600267E old=0 new=-30311 type=1 width=2
