watch_set frame=1500 id=1
hit=1 frame=1605 cycle=450935540 pc=08066D74 lr=08066D23 sp=030011E0 addr=0200A900 old=57793 new=-7743 type=1 width=2
first_hit_screenshot=/Users/altair/github/naruto/notes/dialogue-watch-wram-first-hit.png
hit=2 frame=1605 cycle=450935616 pc=08066D74 lr=08066D23 sp=030011E0 addr=0200A902 old=57793 new=-7743 type=1 width=2
hit=3 frame=1605 cycle=450935761 pc=08066D74 lr=08066D67 sp=030011E0 addr=0200A904 old=61696 new=-7743 type=1 width=2
hit=4 frame=1605 cycle=450935906 pc=08066D74 lr=08066D67 sp=030011E0 addr=0200A906 old=61698 new=-7743 type=1 width=2
hit=5 frame=1605 cycle=450936051 pc=08066D74 lr=08066D67 sp=030011E0 addr=0200A908 old=61700 new=-7743 type=1 width=2
hit=6 frame=1605 cycle=450936196 pc=08066D74 lr=08066D67 sp=030011E0 addr=0200A90A old=61702 new=-7743 type=1 width=2
hit=7 frame=1605 cycle=450936272 pc=08066D74 lr=08066D67 sp=030011E0 addr=0200A90C old=57793 new=-7743 type=1 width=2
hit=8 frame=1605 cycle=450936348 pc=08066D74 lr=08066D67 sp=030011E0 addr=0200A90E old=57793 new=-7743 type=1 width=2
hit=9 frame=1605 cycle=450936424 pc=08066D74 lr=08066D67 sp=030011E0 addr=0200A910 old=57793 new=-7743 type=1 width=2
hit=10 frame=1605 cycle=450936500 pc=08066D74 lr=08066D67 sp=030011E0 addr=0200A912 old=57793 new=-7743 type=1 width=2
hit=11 frame=1605 cycle=450936576 pc=08066D74 lr=08066D67 sp=030011E0 addr=0200A914 old=57793 new=-7743 type=1 width=2
hit=12 frame=1605 cycle=450936652 pc=08066D74 lr=08066D67 sp=030011E0 addr=0200A916 old=57793 new=-7743 type=1 width=2
hit=13 frame=1605 cycle=450936728 pc=08066D74 lr=08066D67 sp=030011E0 addr=0200A918 old=57793 new=-7743 type=1 width=2
hit=14 frame=1605 cycle=450936804 pc=08066D74 lr=08066D67 sp=030011E0 addr=0200A91A old=57793 new=-7743 type=1 width=2
hit=15 frame=1605 cycle=450936880 pc=08066D74 lr=08066D67 sp=030011E0 addr=0200A91C old=57793 new=-7743 type=1 width=2
hit=16 frame=1605 cycle=450936956 pc=08066D74 lr=08066D67 sp=030011E0 addr=0200A91E old=57793 new=-7743 type=1 width=2
hit=17 frame=1605 cycle=450937032 pc=08066D74 lr=08066D67 sp=030011E0 addr=0200A920 old=57793 new=-7743 type=1 width=2
hit=18 frame=1605 cycle=450937108 pc=08066D74 lr=08066D67 sp=030011E0 addr=0200A922 old=57793 new=-7743 type=1 width=2
hit=19 frame=1605 cycle=450937184 pc=08066D74 lr=08066D67 sp=030011E0 addr=0200A924 old=57793 new=-7743 type=1 width=2
hit=20 frame=1605 cycle=450937260 pc=08066D74 lr=08066D67 sp=030011E0 addr=0200A926 old=57793 new=-7743 type=1 width=2
hit=21 frame=1605 cycle=450937336 pc=08066D74 lr=08066D67 sp=030011E0 addr=0200A928 old=57793 new=-7743 type=1 width=2
hit=22 frame=1605 cycle=450937412 pc=08066D74 lr=08066D67 sp=030011E0 addr=0200A92A old=57793 new=-7743 type=1 width=2
hit=23 frame=1605 cycle=450937488 pc=08066D74 lr=08066D67 sp=030011E0 addr=0200A92C old=57793 new=-7743 type=1 width=2
hit=24 frame=1605 cycle=450937564 pc=08066D74 lr=08066D67 sp=030011E0 addr=0200A92E old=57793 new=-7743 type=1 width=2
hit=25 frame=1605 cycle=450937640 pc=08066D74 lr=08066D67 sp=030011E0 addr=0200A930 old=57793 new=-7743 type=1 width=2
hit=26 frame=1605 cycle=450937716 pc=08066D74 lr=08066D67 sp=030011E0 addr=0200A932 old=57793 new=-7743 type=1 width=2
hit=27 frame=1605 cycle=450937792 pc=08066D74 lr=08066D67 sp=030011E0 addr=0200A934 old=57793 new=-7743 type=1 width=2
hit=28 frame=1605 cycle=450937868 pc=08066D74 lr=08066D67 sp=030011E0 addr=0200A936 old=57793 new=-7743 type=1 width=2
hit=29 frame=1605 cycle=450937981 pc=08066D74 lr=08066D67 sp=030011E0 addr=0200A93C old=57793 new=-7743 type=1 width=2
hit=30 frame=1605 cycle=450938057 pc=08066D74 lr=08066D67 sp=030011E0 addr=0200A93E old=57793 new=-7743 type=1 width=2
hit=31 frame=1605 cycle=450938202 pc=08066D74 lr=08066D67 sp=030011E0 addr=0200A940 old=61697 new=-7743 type=1 width=2
hit=32 frame=1605 cycle=450938347 pc=08066D74 lr=08066D67 sp=030011E0 addr=0200A942 old=61699 new=-7743 type=1 width=2
hit=33 frame=1605 cycle=450938492 pc=08066D74 lr=08066D67 sp=030011E0 addr=0200A944 old=61701 new=-7743 type=1 width=2
hit=34 frame=1605 cycle=450938637 pc=08066D74 lr=08066D67 sp=030011E0 addr=0200A946 old=61703 new=-7743 type=1 width=2
hit=35 frame=1605 cycle=450938713 pc=08066D74 lr=08066D67 sp=030011E0 addr=0200A948 old=57793 new=-7743 type=1 width=2
hit=36 frame=1605 cycle=450938789 pc=08066D74 lr=08066D67 sp=030011E0 addr=0200A94A old=57793 new=-7743 type=1 width=2
hit=37 frame=1605 cycle=450938865 pc=08066D74 lr=08066D67 sp=030011E0 addr=0200A94C old=57793 new=-7743 type=1 width=2
hit=38 frame=1605 cycle=450938941 pc=08066D74 lr=08066D67 sp=030011E0 addr=0200A94E old=57793 new=-7743 type=1 width=2
hit=39 frame=1605 cycle=450939017 pc=08066D74 lr=08066D67 sp=030011E0 addr=0200A950 old=57793 new=-7743 type=1 width=2
hit=40 frame=1605 cycle=450939093 pc=08066D74 lr=08066D67 sp=030011E0 addr=0200A952 old=57793 new=-7743 type=1 width=2
hit=41 frame=1605 cycle=450939169 pc=08066D74 lr=08066D67 sp=030011E0 addr=0200A954 old=57793 new=-7743 type=1 width=2
hit=42 frame=1605 cycle=450939245 pc=08066D74 lr=08066D67 sp=030011E0 addr=0200A956 old=57793 new=-7743 type=1 width=2
hit=43 frame=1605 cycle=450939321 pc=08066D74 lr=08066D67 sp=030011E0 addr=0200A958 old=57793 new=-7743 type=1 width=2
hit=44 frame=1605 cycle=450939397 pc=08066D74 lr=08066D67 sp=030011E0 addr=0200A95A old=57793 new=-7743 type=1 width=2
hit=45 frame=1605 cycle=450939473 pc=08066D74 lr=08066D67 sp=030011E0 addr=0200A95C old=57793 new=-7743 type=1 width=2
hit=46 frame=1605 cycle=450939549 pc=08066D74 lr=08066D67 sp=030011E0 addr=0200A95E old=57793 new=-7743 type=1 width=2
hit=47 frame=1605 cycle=450939625 pc=08066D74 lr=08066D67 sp=030011E0 addr=0200A960 old=57793 new=-7743 type=1 width=2
hit=48 frame=1605 cycle=450939701 pc=08066D74 lr=08066D67 sp=030011E0 addr=0200A962 old=57793 new=-7743 type=1 width=2
hit=49 frame=1605 cycle=450939777 pc=08066D74 lr=08066D67 sp=030011E0 addr=0200A964 old=57793 new=-7743 type=1 width=2
hit=50 frame=1605 cycle=450939853 pc=08066D74 lr=08066D67 sp=030011E0 addr=0200A966 old=57793 new=-7743 type=1 width=2
hit=51 frame=1605 cycle=450939929 pc=08066D74 lr=08066D67 sp=030011E0 addr=0200A968 old=57793 new=-7743 type=1 width=2
hit=52 frame=1605 cycle=450940005 pc=08066D74 lr=08066D67 sp=030011E0 addr=0200A96A old=57793 new=-7743 type=1 width=2
hit=53 frame=1605 cycle=450940081 pc=08066D74 lr=08066D67 sp=030011E0 addr=0200A96C old=57793 new=-7743 type=1 width=2
hit=54 frame=1605 cycle=450940157 pc=08066D74 lr=08066D67 sp=030011E0 addr=0200A96E old=57793 new=-7743 type=1 width=2
hit=55 frame=1605 cycle=450940233 pc=08066D74 lr=08066D67 sp=030011E0 addr=0200A970 old=57793 new=-7743 type=1 width=2
hit=56 frame=1605 cycle=450940309 pc=08066D74 lr=08066D67 sp=030011E0 addr=0200A972 old=57793 new=-7743 type=1 width=2
hit=57 frame=1605 cycle=450940422 pc=08066D74 lr=08066D67 sp=030011E0 addr=0200A978 old=57793 new=-7743 type=1 width=2
hit=58 frame=1605 cycle=450940498 pc=08066D74 lr=08066D67 sp=030011E0 addr=0200A97A old=57793 new=-7743 type=1 width=2
hit=59 frame=1605 cycle=450940643 pc=08066D74 lr=08066D67 sp=030011E0 addr=0200A97C old=57608 new=-7743 type=1 width=2
hit=60 frame=1605 cycle=450940788 pc=08066D74 lr=08066D67 sp=030011E0 addr=0200A97E old=57610 new=-7743 type=1 width=2
hit=61 frame=1605 cycle=450940933 pc=08066D74 lr=08066D67 sp=030011E0 addr=0200A980 old=57612 new=-7743 type=1 width=2
hit=62 frame=1605 cycle=450941078 pc=08066D74 lr=08066D67 sp=030011E0 addr=0200A982 old=57614 new=-7743 type=1 width=2
hit=63 frame=1605 cycle=450941223 pc=08066D74 lr=08066D67 sp=030011E0 addr=0200A984 old=57616 new=-7743 type=1 width=2
hit=64 frame=1605 cycle=450941368 pc=08066D74 lr=08066D67 sp=030011E0 addr=0200A986 old=57618 new=-7743 type=1 width=2
