frame=330 keys=0x1
frame=331 keys=0x1
frame=332 keys=0x1
frame=333 keys=0x1
frame=334 keys=0x1
frame=335 keys=0x1
frame=336 keys=0x1
frame=337 keys=0x1
frame=540 keys=0x1
frame=541 keys=0x1
frame=542 keys=0x1
frame=543 keys=0x1
frame=544 keys=0x1
frame=545 keys=0x1
frame=546 keys=0x1
frame=547 keys=0x1
frame=750 keys=0x1
frame=751 keys=0x1
frame=752 keys=0x1
frame=753 keys=0x1
frame=754 keys=0x1
frame=755 keys=0x1
frame=756 keys=0x1
frame=757 keys=0x1
frame=960 keys=0x8
frame=961 keys=0x8
frame=962 keys=0x8
frame=963 keys=0x8
frame=964 keys=0x8
frame=965 keys=0x8
frame=966 keys=0x8
frame=967 keys=0x8
frame=1140 keys=0x1
frame=1141 keys=0x1
frame=1142 keys=0x1
frame=1143 keys=0x1
frame=1144 keys=0x1
frame=1145 keys=0x1
frame=1146 keys=0x1
frame=1147 keys=0x1
frame=1590 keys=0x1
frame=1591 keys=0x1
frame=1592 keys=0x1
frame=1593 keys=0x1
frame=1594 keys=0x1
frame=1595 keys=0x1
frame=1596 keys=0x1
frame=1597 keys=0x1
frame=1830 keys=0x1
frame=1831 keys=0x1
frame=1832 keys=0x1
frame=1833 keys=0x1
frame=1834 keys=0x1
frame=1835 keys=0x1
frame=1836 keys=0x1
frame=1837 keys=0x1
frame=2070 keys=0x1
frame=2071 keys=0x1
frame=2072 keys=0x1
frame=2073 keys=0x1
frame=2074 keys=0x1
frame=2075 keys=0x1
frame=2076 keys=0x1
frame=2077 keys=0x1
frame=2160 screenshot=/Users/altair/github/naruto/notes/newgame-2160-snapshot.png
frame=2160 dump=/Users/altair/github/naruto/notes/newgame-2160-wram.bin size=0x40000
frame=2160 dump=/Users/altair/github/naruto/notes/newgame-2160-iwram.bin size=0x8000
frame=2160 dump=/Users/altair/github/naruto/notes/newgame-2160-vram.bin size=0x18000
frame=2160 dump=/Users/altair/github/naruto/notes/newgame-2160-palette.bin size=0x400
frame=2160 dump=/Users/altair/github/naruto/notes/newgame-2160-oam.bin size=0x400
