frame=330 keys=0x1
frame=331 keys=0x1
frame=332 keys=0x1
frame=333 keys=0x1
frame=334 keys=0x1
frame=335 keys=0x1
frame=336 keys=0x1
frame=337 keys=0x1
frame=540 keys=0x1
frame=541 keys=0x1
frame=542 keys=0x1
frame=543 keys=0x1
frame=544 keys=0x1
frame=545 keys=0x1
frame=546 keys=0x1
frame=547 keys=0x1
frame=750 keys=0x1
frame=751 keys=0x1
frame=752 keys=0x1
frame=753 keys=0x1
frame=754 keys=0x1
frame=755 keys=0x1
frame=756 keys=0x1
frame=757 keys=0x1
frame=960 keys=0x8
frame=961 keys=0x8
frame=962 keys=0x8
frame=963 keys=0x8
frame=964 keys=0x8
frame=965 keys=0x8
frame=966 keys=0x8
frame=967 keys=0x8
frame=1140 keys=0x1
frame=1141 keys=0x1
frame=1142 keys=0x1
frame=1143 keys=0x1
frame=1144 keys=0x1
frame=1145 keys=0x1
frame=1146 keys=0x1
frame=1147 keys=0x1
frame=1590 keys=0x1
frame=1591 keys=0x1
frame=1592 keys=0x1
frame=1593 keys=0x1
frame=1594 keys=0x1
frame=1595 keys=0x1
frame=1596 keys=0x1
frame=1597 keys=0x1
frame=1830 keys=0x1
frame=1831 keys=0x1
frame=1832 keys=0x1
frame=1833 keys=0x1
frame=1834 keys=0x1
frame=1835 keys=0x1
frame=1836 keys=0x1
frame=1837 keys=0x1
frame=2070 keys=0x1
frame=2071 keys=0x1
frame=2072 keys=0x1
frame=2073 keys=0x1
frame=2074 keys=0x1
frame=2075 keys=0x1
frame=2076 keys=0x1
frame=2077 keys=0x1
frame=2160 screenshot=/Users/altair/github/naruto/notes/dialogue-2160.png
frame=2160 dump=/Users/altair/github/naruto/notes/dialogue-2160-wram.bin size=0x40000
frame=2160 dump=/Users/altair/github/naruto/notes/dialogue-2160-iwram.bin size=0x8000
frame=2160 dump=/Users/altair/github/naruto/notes/dialogue-2160-vram.bin size=0x18000
frame=2310 keys=0x1
frame=2311 keys=0x1
frame=2312 keys=0x1
frame=2313 keys=0x1
frame=2314 keys=0x1
frame=2315 keys=0x1
frame=2316 keys=0x1
frame=2317 keys=0x1
frame=2340 screenshot=/Users/altair/github/naruto/notes/dialogue-2340.png
frame=2340 dump=/Users/altair/github/naruto/notes/dialogue-2340-wram.bin size=0x40000
frame=2340 dump=/Users/altair/github/naruto/notes/dialogue-2340-iwram.bin size=0x8000
frame=2340 dump=/Users/altair/github/naruto/notes/dialogue-2340-vram.bin size=0x18000
frame=2520 screenshot=/Users/altair/github/naruto/notes/dialogue-2520.png
frame=2520 dump=/Users/altair/github/naruto/notes/dialogue-2520-wram.bin size=0x40000
frame=2520 dump=/Users/altair/github/naruto/notes/dialogue-2520-iwram.bin size=0x8000
frame=2520 dump=/Users/altair/github/naruto/notes/dialogue-2520-vram.bin size=0x18000
frame=2550 keys=0x1
frame=2551 keys=0x1
frame=2552 keys=0x1
frame=2553 keys=0x1
frame=2554 keys=0x1
frame=2555 keys=0x1
frame=2556 keys=0x1
frame=2557 keys=0x1
frame=2700 screenshot=/Users/altair/github/naruto/notes/dialogue-2700.png
frame=2700 dump=/Users/altair/github/naruto/notes/dialogue-2700-wram.bin size=0x40000
frame=2700 dump=/Users/altair/github/naruto/notes/dialogue-2700-iwram.bin size=0x8000
frame=2700 dump=/Users/altair/github/naruto/notes/dialogue-2700-vram.bin size=0x18000
